<?xml version="1.0" encoding="UTF-8"?>
<testsuite xmlns:xsi="http://www.w3.org/2001/XMLSchema-instance" xsi:noNamespaceSchemaLocation="https://maven.apache.org/surefire/maven-surefire-plugin/xsd/surefire-test-report-3.0.xsd" version="3.0" name="com.example.employeemanagement.controller.EmployeeControllerIntegrationTest" time="2.819" tests="12" errors="0" skipped="0" failures="0">
  <properties>
[...]
</properties>
  <testcase name="testDeleteEmployee" classname="com.example.employeemanagement.controller.EmployeeControllerIntegrationTest" time="0.193">
    <system-out><![CDATA[2025-09-09T09:42:11.014Z  INFO 5726 --- [employee-management-demo] [           main] t.c.s.AnnotationConfigContextLoaderUtils : Could not detect default configuration classes for test class [com.example.employeemanagement.controller.EmployeeControllerIntegrationTest]: EmployeeControllerIntegrationTest does not declare any static, non-private, non-final, nested classes annotated with @Configuration.
2025-09-09T09:42:11.050Z  INFO 5726 --- [employee-management-demo] [           main] .b.t.c.SpringBootTestContextBootstrapper : Found @SpringBootConfiguration com.example.employeemanagement.EmployeeManagementApplication for test class com.example.employeemanagement.controller.EmployeeControllerIntegrationTest

  .   ____          _            __ _ _
 /\\ / ___'_ __ _ _(_)_ __  __ _ \ \ \ \
( ( )\___ | '_ | '_| | '_ \/ _` | \ \ \ \
 \\/  ___)| |_)| | | | | || (_| |  ) ) ) )
  '  |____| .__|_| |_|_| |_\__, | / / / /
 =========|_|==============|___/=/_/_/_/
 :: Spring Boot ::                (v3.2.0)

2025-09-09T09:42:11.135Z  INFO 5726 --- [employee-management-demo] [           main] .e.e.c.EmployeeControllerIntegrationTest : Starting EmployeeControllerIntegrationTest using Java 17.0.16 with PID 5726 (started by runner in /home/runner/work/employee-management-demo/employee-management-demo)
2025-09-09T09:42:11.135Z DEBUG 5726 --- [employee-management-demo] [           main] .e.e.c.EmployeeControllerIntegrationTest : Running with Spring Boot v3.2.0, Spring v6.1.1
2025-09-09T09:42:11.135Z  INFO 5726 --- [employee-management-demo] [           main] .e.e.c.EmployeeControllerIntegrationTest : No active profile set, falling back to 1 default profile: "default"
2025-09-09T09:42:11.657Z  INFO 5726 --- [employee-management-demo] [           main] .s.d.r.c.RepositoryConfigurationDelegate : Bootstrapping Spring Data JPA repositories in DEFAULT mode.
2025-09-09T09:42:11.675Z  INFO 5726 --- [employee-management-demo] [           main] .s.d.r.c.RepositoryConfigurationDelegate : Finished Spring Data repository scanning in 17 ms. Found 2 JPA repository interfaces.
2025-09-09T09:42:11.977Z  INFO 5726 --- [employee-management-demo] [           main] com.zaxxer.hikari.HikariDataSource       : HikariPool-1 - Starting...
2025-09-09T09:42:11.992Z  INFO 5726 --- [employee-management-demo] [           main] com.zaxxer.hikari.pool.HikariPool        : HikariPool-1 - Added connection conn10: url=jdbc:h2:mem:8a44cec9-0baa-44b9-8220-c6c698bd0621 user=SA
2025-09-09T09:42:11.995Z  INFO 5726 --- [employee-management-demo] [           main] com.zaxxer.hikari.HikariDataSource       : HikariPool-1 - Start completed.
2025-09-09T09:42:12.020Z  INFO 5726 --- [employee-management-demo] [           main] org.flywaydb.core.FlywayExecutor         : Database: jdbc:h2:mem:8a44cec9-0baa-44b9-8220-c6c698bd0621 (H2 2.2)
2025-09-09T09:42:12.023Z  WARN 5726 --- [employee-management-demo] [           main] o.f.c.internal.database.base.Database    : Flyway upgrade recommended: H2 2.2.224 is newer than this version of Flyway and support has not been tested. The latest supported version of H2 is 2.2.220.
2025-09-09T09:42:12.026Z  INFO 5726 --- [employee-management-demo] [           main] o.f.c.i.s.JdbcTableSchemaHistory         : Schema history table "PUBLIC"."flyway_schema_history" does not exist yet
2025-09-09T09:42:12.026Z  INFO 5726 --- [employee-management-demo] [           main] o.f.core.internal.command.DbValidate     : Successfully validated 2 migrations (execution time 00:00.002s)
2025-09-09T09:42:12.028Z  INFO 5726 --- [employee-management-demo] [           main] o.f.c.i.s.JdbcTableSchemaHistory         : Creating Schema History table "PUBLIC"."flyway_schema_history" ...
2025-09-09T09:42:12.040Z  INFO 5726 --- [employee-management-demo] [           main] o.f.core.internal.command.DbMigrate      : Current version of schema "PUBLIC": << Empty Schema >>
2025-09-09T09:42:12.045Z  INFO 5726 --- [employee-management-demo] [           main] o.f.core.internal.command.DbMigrate      : Migrating schema "PUBLIC" to version "1 - create employee table"
2025-09-09T09:42:12.053Z  INFO 5726 --- [employee-management-demo] [           main] o.f.core.internal.command.DbMigrate      : Migrating schema "PUBLIC" to version "2 - add soft delete and audit"
2025-09-09T09:42:12.070Z  INFO 5726 --- [employee-management-demo] [           main] o.f.core.internal.command.DbMigrate      : Successfully applied 2 migrations to schema "PUBLIC", now at version v2 (execution time 00:00.015s)
2025-09-09T09:42:12.100Z  INFO 5726 --- [employee-management-demo] [           main] o.hibernate.jpa.internal.util.LogHelper  : HHH000204: Processing PersistenceUnitInfo [name: default]
2025-09-09T09:42:12.104Z  INFO 5726 --- [employee-management-demo] [           main] o.h.c.internal.RegionFactoryInitiator    : HHH000026: Second-level cache disabled
2025-09-09T09:42:12.108Z  INFO 5726 --- [employee-management-demo] [           main] o.s.o.j.p.SpringPersistenceUnitInfo      : No LoadTimeWeaver setup: ignoring JPA class transformer
2025-09-09T09:42:12.184Z  INFO 5726 --- [employee-management-demo] [           main] o.h.e.t.j.p.i.JtaPlatformInitiator       : HHH000489: No JTA platform available (set 'hibernate.transaction.jta.platform' to enable JTA platform integration)
2025-09-09T09:42:12.187Z  INFO 5726 --- [employee-management-demo] [           main] j.LocalContainerEntityManagerFactoryBean : Initialized JPA EntityManagerFactory for persistence unit 'default'
2025-09-09T09:42:12.500Z  WARN 5726 --- [employee-management-demo] [           main] JpaBaseConfiguration$JpaWebConfiguration : spring.jpa.open-in-view is enabled by default. Therefore, database queries may be performed during view rendering. Explicitly configure spring.jpa.open-in-view to disable this warning
2025-09-09T09:42:12.520Z  WARN 5726 --- [employee-management-demo] [           main] .s.s.UserDetailsServiceAutoConfiguration : 

Using generated security password: 7b8d6a68-a35b-4ce9-88be-034cf913a764

This generated password is for development use only. Your security configuration must be updated before running your application in production.

2025-09-09T09:42:12.802Z  INFO 5726 --- [employee-management-demo] [           main] o.s.s.web.DefaultSecurityFilterChain     : Will secure any request with [org.springframework.security.web.session.DisableEncodeUrlFilter@7194f5b, org.springframework.security.web.context.request.async.WebAsyncManagerIntegrationFilter@1e0be005, org.springframework.security.web.context.SecurityContextHolderFilter@33606f4b, org.springframework.security.web.header.HeaderWriterFilter@ac3739d, org.springframework.web.filter.CorsFilter@1fd226da, org.springframework.security.web.authentication.logout.LogoutFilter@35eb95d3, org.springframework.security.web.savedrequest.RequestCacheAwareFilter@24c7563b, org.springframework.security.web.servletapi.SecurityContextHolderAwareRequestFilter@115b0bf5, org.springframework.security.web.authentication.AnonymousAuthenticationFilter@36cd58e7, org.springframework.security.web.access.ExceptionTranslationFilter@4a6c3720, org.springframework.security.web.access.intercept.AuthorizationFilter@46ebfc09]
2025-09-09T09:42:13.198Z  INFO 5726 --- [employee-management-demo] [           main] o.s.b.t.m.w.SpringBootMockServletContext : Initializing Spring TestDispatcherServlet ''
2025-09-09T09:42:13.199Z  INFO 5726 --- [employee-management-demo] [           main] o.s.t.web.servlet.TestDispatcherServlet  : Initializing Servlet ''
2025-09-09T09:42:13.201Z  INFO 5726 --- [employee-management-demo] [           main] o.s.t.web.servlet.TestDispatcherServlet  : Completed initialization in 1 ms
2025-09-09T09:42:13.222Z  INFO 5726 --- [employee-management-demo] [           main] .e.e.c.EmployeeControllerIntegrationTest : Started EmployeeControllerIntegrationTest in 2.155 seconds (process running for 7.473)
Hibernate: 
    select
        e1_0.id,
        e1_0.created_at,
        e1_0.date_of_birth,
        e1_0.deleted_at,
        e1_0.deleted_by,
        e1_0.department,
        e1_0.email,
        e1_0.first_name,
        e1_0.hire_date,
        e1_0.job_title,
        e1_0.last_name,
        e1_0.phone,
        e1_0.salary,
        e1_0.status,
        e1_0.updated_at 
    from
        employees e1_0
Hibernate: 
    insert 
    into
        employees
        (created_at, date_of_birth, deleted_at, deleted_by, department, email, first_name, hire_date, job_title, last_name, phone, salary, status, updated_at, id) 
    values
        (?, ?, ?, ?, ?, ?, ?, ?, ?, ?, ?, ?, ?, ?, default)
2025-09-09T09:42:13.286Z  WARN 5726 --- [employee-management-demo] [           main] o.s.w.s.h.HandlerMappingIntrospector     : Cache miss for REQUEST dispatch to '/api/v1/employees/1' (previous null). Performing CorsConfiguration lookup. This is logged once only at WARN level, and every time at TRACE.
Hibernate: 
    select
        e1_0.id,
        e1_0.created_at,
        e1_0.date_of_birth,
        e1_0.deleted_at,
        e1_0.deleted_by,
        e1_0.department,
        e1_0.email,
        e1_0.first_name,
        e1_0.hire_date,
        e1_0.job_title,
        e1_0.last_name,
        e1_0.phone,
        e1_0.salary,
        e1_0.status,
        e1_0.updated_at 
    from
        employees e1_0 
    where
        e1_0.id=?
Hibernate: 
    insert 
    into
        employee_audit
        (after_snapshot, audit_type, before_snapshot, description, employee_id, performed_at, performed_by, id) 
    values
        (?, ?, ?, ?, ?, ?, ?, default)
2025-09-09T09:42:13.381Z DEBUG 5726 --- [employee-management-demo] [           main] c.e.e.service.impl.AuditServiceImpl      : Audit record created: type=DELETE, employeeId=1, performedBy=system
Hibernate: 
    update
        employees 
    set
        created_at=?,
        date_of_birth=?,
        deleted_at=?,
        deleted_by=?,
        department=?,
        email=?,
        first_name=?,
        hire_date=?,
        job_title=?,
        last_name=?,
        phone=?,
        salary=?,
        status=?,
        updated_at=? 
    where
        id=?
Hibernate: 
    select
        e1_0.id,
        e1_0.created_at,
        e1_0.date_of_birth,
        e1_0.deleted_at,
        e1_0.deleted_by,
        e1_0.department,
        e1_0.email,
        e1_0.first_name,
        e1_0.hire_date,
        e1_0.job_title,
        e1_0.last_name,
        e1_0.phone,
        e1_0.salary,
        e1_0.status,
        e1_0.updated_at 
    from
        employees e1_0 
    where
        e1_0.id=?
]]></system-out>
  </testcase>
  <testcase name="testPartialUpdateEmployee" classname="com.example.employeemanagement.controller.EmployeeControllerIntegrationTest" time="0.082">
    <system-out><![CDATA[Hibernate: 
    select
        e1_0.id,
        e1_0.created_at,
        e1_0.date_of_birth,
        e1_0.deleted_at,
        e1_0.deleted_by,
        e1_0.department,
        e1_0.email,
        e1_0.first_name,
        e1_0.hire_date,
        e1_0.job_title,
        e1_0.last_name,
        e1_0.phone,
        e1_0.salary,
        e1_0.status,
        e1_0.updated_at 
    from
        employees e1_0
Hibernate: 
    delete 
    from
        employees 
    where
        id=?
Hibernate: 
    insert 
    into
        employees
        (created_at, date_of_birth, deleted_at, deleted_by, department, email, first_name, hire_date, job_title, last_name, phone, salary, status, updated_at, id) 
    values
        (?, ?, ?, ?, ?, ?, ?, ?, ?, ?, ?, ?, ?, ?, default)
Hibernate: 
    select
        e1_0.id,
        e1_0.created_at,
        e1_0.date_of_birth,
        e1_0.deleted_at,
        e1_0.deleted_by,
        e1_0.department,
        e1_0.email,
        e1_0.first_name,
        e1_0.hire_date,
        e1_0.job_title,
        e1_0.last_name,
        e1_0.phone,
        e1_0.salary,
        e1_0.status,
        e1_0.updated_at 
    from
        employees e1_0 
    where
        e1_0.id=?
Hibernate: 
    insert 
    into
        employee_audit
        (after_snapshot, audit_type, before_snapshot, description, employee_id, performed_at, performed_by, id) 
    values
        (?, ?, ?, ?, ?, ?, ?, default)
2025-09-09T09:42:13.474Z DEBUG 5726 --- [employee-management-demo] [           main] c.e.e.service.impl.AuditServiceImpl      : Audit record created: type=UPDATE, employeeId=2, performedBy=system
Hibernate: 
    update
        employees 
    set
        created_at=?,
        date_of_birth=?,
        deleted_at=?,
        deleted_by=?,
        department=?,
        email=?,
        first_name=?,
        hire_date=?,
        job_title=?,
        last_name=?,
        phone=?,
        salary=?,
        status=?,
        updated_at=? 
    where
        id=?
]]></system-out>
  </testcase>
  <testcase name="testRestoreEmployee" classname="com.example.employeemanagement.controller.EmployeeControllerIntegrationTest" time="0.034">
    <system-out><![CDATA[Hibernate: 
    select
        e1_0.id,
        e1_0.created_at,
        e1_0.date_of_birth,
        e1_0.deleted_at,
        e1_0.deleted_by,
        e1_0.department,
        e1_0.email,
        e1_0.first_name,
        e1_0.hire_date,
        e1_0.job_title,
        e1_0.last_name,
        e1_0.phone,
        e1_0.salary,
        e1_0.status,
        e1_0.updated_at 
    from
        employees e1_0
Hibernate: 
    delete 
    from
        employees 
    where
        id=?
Hibernate: 
    insert 
    into
        employees
        (created_at, date_of_birth, deleted_at, deleted_by, department, email, first_name, hire_date, job_title, last_name, phone, salary, status, updated_at, id) 
    values
        (?, ?, ?, ?, ?, ?, ?, ?, ?, ?, ?, ?, ?, ?, default)
Hibernate: 
    select
        e1_0.id,
        e1_0.created_at,
        e1_0.date_of_birth,
        e1_0.deleted_at,
        e1_0.deleted_by,
        e1_0.department,
        e1_0.email,
        e1_0.first_name,
        e1_0.hire_date,
        e1_0.job_title,
        e1_0.last_name,
        e1_0.phone,
        e1_0.salary,
        e1_0.status,
        e1_0.updated_at 
    from
        employees e1_0 
    where
        e1_0.id=?
Hibernate: 
    insert 
    into
        employee_audit
        (after_snapshot, audit_type, before_snapshot, description, employee_id, performed_at, performed_by, id) 
    values
        (?, ?, ?, ?, ?, ?, ?, default)
2025-09-09T09:42:13.526Z DEBUG 5726 --- [employee-management-demo] [           main] c.e.e.service.impl.AuditServiceImpl      : Audit record created: type=DELETE, employeeId=3, performedBy=system
Hibernate: 
    update
        employees 
    set
        created_at=?,
        date_of_birth=?,
        deleted_at=?,
        deleted_by=?,
        department=?,
        email=?,
        first_name=?,
        hire_date=?,
        job_title=?,
        last_name=?,
        phone=?,
        salary=?,
        status=?,
        updated_at=? 
    where
        id=?
Hibernate: 
    select
        e1_0.id,
        e1_0.created_at,
        e1_0.date_of_birth,
        e1_0.deleted_at,
        e1_0.deleted_by,
        e1_0.department,
        e1_0.email,
        e1_0.first_name,
        e1_0.hire_date,
        e1_0.job_title,
        e1_0.last_name,
        e1_0.phone,
        e1_0.salary,
        e1_0.status,
        e1_0.updated_at 
    from
        employees e1_0 
    where
        e1_0.id=?
Hibernate: 
    select
        e1_0.id,
        e1_0.created_at,
        e1_0.date_of_birth,
        e1_0.deleted_at,
        e1_0.deleted_by,
        e1_0.department,
        e1_0.email,
        e1_0.first_name,
        e1_0.hire_date,
        e1_0.job_title,
        e1_0.last_name,
        e1_0.phone,
        e1_0.salary,
        e1_0.status,
        e1_0.updated_at 
    from
        employees e1_0 
    where
        e1_0.id=?
Hibernate: 
    insert 
    into
        employee_audit
        (after_snapshot, audit_type, before_snapshot, description, employee_id, performed_at, performed_by, id) 
    values
        (?, ?, ?, ?, ?, ?, ?, default)
2025-09-09T09:42:13.536Z DEBUG 5726 --- [employee-management-demo] [           main] c.e.e.service.impl.AuditServiceImpl      : Audit record created: type=RESTORE, employeeId=3, performedBy=system
Hibernate: 
    update
        employees 
    set
        created_at=?,
        date_of_birth=?,
        deleted_at=?,
        deleted_by=?,
        department=?,
        email=?,
        first_name=?,
        hire_date=?,
        job_title=?,
        last_name=?,
        phone=?,
        salary=?,
        status=?,
        updated_at=? 
    where
        id=?
Hibernate: 
    select
        e1_0.id,
        e1_0.created_at,
        e1_0.date_of_birth,
        e1_0.deleted_at,
        e1_0.deleted_by,
        e1_0.department,
        e1_0.email,
        e1_0.first_name,
        e1_0.hire_date,
        e1_0.job_title,
        e1_0.last_name,
        e1_0.phone,
        e1_0.salary,
        e1_0.status,
        e1_0.updated_at 
    from
        employees e1_0 
    where
        e1_0.id=?
]]></system-out>
  </testcase>
  <testcase name="testRestoreNotDeletedEmployee" classname="com.example.employeemanagement.controller.EmployeeControllerIntegrationTest" time="0.022">
    <system-out><![CDATA[Hibernate: 
    select
        e1_0.id,
        e1_0.created_at,
        e1_0.date_of_birth,
        e1_0.deleted_at,
        e1_0.deleted_by,
        e1_0.department,
        e1_0.email,
        e1_0.first_name,
        e1_0.hire_date,
        e1_0.job_title,
        e1_0.last_name,
        e1_0.phone,
        e1_0.salary,
        e1_0.status,
        e1_0.updated_at 
    from
        employees e1_0
Hibernate: 
    delete 
    from
        employees 
    where
        id=?
Hibernate: 
    insert 
    into
        employees
        (created_at, date_of_birth, deleted_at, deleted_by, department, email, first_name, hire_date, job_title, last_name, phone, salary, status, updated_at, id) 
    values
        (?, ?, ?, ?, ?, ?, ?, ?, ?, ?, ?, ?, ?, ?, default)
Hibernate: 
    select
        e1_0.id,
        e1_0.created_at,
        e1_0.date_of_birth,
        e1_0.deleted_at,
        e1_0.deleted_by,
        e1_0.department,
        e1_0.email,
        e1_0.first_name,
        e1_0.hire_date,
        e1_0.job_title,
        e1_0.last_name,
        e1_0.phone,
        e1_0.salary,
        e1_0.status,
        e1_0.updated_at 
    from
        employees e1_0 
    where
        e1_0.id=?
]]></system-out>
  </testcase>
  <testcase name="testGetEmployeeById" classname="com.example.employeemanagement.controller.EmployeeControllerIntegrationTest" time="0.016">
    <system-out><![CDATA[Hibernate: 
    select
        e1_0.id,
        e1_0.created_at,
        e1_0.date_of_birth,
        e1_0.deleted_at,
        e1_0.deleted_by,
        e1_0.department,
        e1_0.email,
        e1_0.first_name,
        e1_0.hire_date,
        e1_0.job_title,
        e1_0.last_name,
        e1_0.phone,
        e1_0.salary,
        e1_0.status,
        e1_0.updated_at 
    from
        employees e1_0
Hibernate: 
    delete 
    from
        employees 
    where
        id=?
Hibernate: 
    insert 
    into
        employees
        (created_at, date_of_birth, deleted_at, deleted_by, department, email, first_name, hire_date, job_title, last_name, phone, salary, status, updated_at, id) 
    values
        (?, ?, ?, ?, ?, ?, ?, ?, ?, ?, ?, ?, ?, ?, default)
Hibernate: 
    select
        e1_0.id,
        e1_0.created_at,
        e1_0.date_of_birth,
        e1_0.deleted_at,
        e1_0.deleted_by,
        e1_0.department,
        e1_0.email,
        e1_0.first_name,
        e1_0.hire_date,
        e1_0.job_title,
        e1_0.last_name,
        e1_0.phone,
        e1_0.salary,
        e1_0.status,
        e1_0.updated_at 
    from
        employees e1_0 
    where
        e1_0.id=?
]]></system-out>
  </testcase>
  <testcase name="testGetAllEmployeesIncludesDeletedWithFlag" classname="com.example.employeemanagement.controller.EmployeeControllerIntegrationTest" time="0.044">
    <system-out><![CDATA[Hibernate: 
    select
        e1_0.id,
        e1_0.created_at,
        e1_0.date_of_birth,
        e1_0.deleted_at,
        e1_0.deleted_by,
        e1_0.department,
        e1_0.email,
        e1_0.first_name,
        e1_0.hire_date,
        e1_0.job_title,
        e1_0.last_name,
        e1_0.phone,
        e1_0.salary,
        e1_0.status,
        e1_0.updated_at 
    from
        employees e1_0
Hibernate: 
    delete 
    from
        employees 
    where
        id=?
Hibernate: 
    insert 
    into
        employees
        (created_at, date_of_birth, deleted_at, deleted_by, department, email, first_name, hire_date, job_title, last_name, phone, salary, status, updated_at, id) 
    values
        (?, ?, ?, ?, ?, ?, ?, ?, ?, ?, ?, ?, ?, ?, default)
Hibernate: 
    select
        e1_0.id,
        e1_0.created_at,
        e1_0.date_of_birth,
        e1_0.deleted_at,
        e1_0.deleted_by,
        e1_0.department,
        e1_0.email,
        e1_0.first_name,
        e1_0.hire_date,
        e1_0.job_title,
        e1_0.last_name,
        e1_0.phone,
        e1_0.salary,
        e1_0.status,
        e1_0.updated_at 
    from
        employees e1_0 
    where
        e1_0.id=?
Hibernate: 
    insert 
    into
        employee_audit
        (after_snapshot, audit_type, before_snapshot, description, employee_id, performed_at, performed_by, id) 
    values
        (?, ?, ?, ?, ?, ?, ?, default)
2025-09-09T09:42:13.601Z DEBUG 5726 --- [employee-management-demo] [           main] c.e.e.service.impl.AuditServiceImpl      : Audit record created: type=DELETE, employeeId=6, performedBy=system
Hibernate: 
    update
        employees 
    set
        created_at=?,
        date_of_birth=?,
        deleted_at=?,
        deleted_by=?,
        department=?,
        email=?,
        first_name=?,
        hire_date=?,
        job_title=?,
        last_name=?,
        phone=?,
        salary=?,
        status=?,
        updated_at=? 
    where
        id=?
Hibernate: 
    select
        e1_0.id,
        e1_0.created_at,
        e1_0.date_of_birth,
        e1_0.deleted_at,
        e1_0.deleted_by,
        e1_0.department,
        e1_0.email,
        e1_0.first_name,
        e1_0.hire_date,
        e1_0.job_title,
        e1_0.last_name,
        e1_0.phone,
        e1_0.salary,
        e1_0.status,
        e1_0.updated_at 
    from
        employees e1_0 
    where
        1=1 
    offset
        ? rows 
    fetch
        first ? rows only
]]></system-out>
  </testcase>
  <testcase name="testUpdateEmployee" classname="com.example.employeemanagement.controller.EmployeeControllerIntegrationTest" time="0.048">
    <system-out><![CDATA[Hibernate: 
    select
        e1_0.id,
        e1_0.created_at,
        e1_0.date_of_birth,
        e1_0.deleted_at,
        e1_0.deleted_by,
        e1_0.department,
        e1_0.email,
        e1_0.first_name,
        e1_0.hire_date,
        e1_0.job_title,
        e1_0.last_name,
        e1_0.phone,
        e1_0.salary,
        e1_0.status,
        e1_0.updated_at 
    from
        employees e1_0
Hibernate: 
    delete 
    from
        employees 
    where
        id=?
Hibernate: 
    insert 
    into
        employees
        (created_at, date_of_birth, deleted_at, deleted_by, department, email, first_name, hire_date, job_title, last_name, phone, salary, status, updated_at, id) 
    values
        (?, ?, ?, ?, ?, ?, ?, ?, ?, ?, ?, ?, ?, ?, default)
Hibernate: 
    select
        e1_0.id,
        e1_0.created_at,
        e1_0.date_of_birth,
        e1_0.deleted_at,
        e1_0.deleted_by,
        e1_0.department,
        e1_0.email,
        e1_0.first_name,
        e1_0.hire_date,
        e1_0.job_title,
        e1_0.last_name,
        e1_0.phone,
        e1_0.salary,
        e1_0.status,
        e1_0.updated_at 
    from
        employees e1_0 
    where
        e1_0.id=?
Hibernate: 
    select
        e1_0.id,
        e1_0.created_at,
        e1_0.date_of_birth,
        e1_0.deleted_at,
        e1_0.deleted_by,
        e1_0.department,
        e1_0.email,
        e1_0.first_name,
        e1_0.hire_date,
        e1_0.job_title,
        e1_0.last_name,
        e1_0.phone,
        e1_0.salary,
        e1_0.status,
        e1_0.updated_at 
    from
        employees e1_0 
    where
        upper(e1_0.email)=upper(?)
Hibernate: 
    insert 
    into
        employee_audit
        (after_snapshot, audit_type, before_snapshot, description, employee_id, performed_at, performed_by, id) 
    values
        (?, ?, ?, ?, ?, ?, ?, default)
2025-09-09T09:42:13.674Z DEBUG 5726 --- [employee-management-demo] [           main] c.e.e.service.impl.AuditServiceImpl      : Audit record created: type=UPDATE, employeeId=7, performedBy=system
Hibernate: 
    update
        employees 
    set
        created_at=?,
        date_of_birth=?,
        deleted_at=?,
        deleted_by=?,
        department=?,
        email=?,
        first_name=?,
        hire_date=?,
        job_title=?,
        last_name=?,
        phone=?,
        salary=?,
        status=?,
        updated_at=? 
    where
        id=?
]]></system-out>
  </testcase>
  <testcase name="testCreateEmployee" classname="com.example.employeemanagement.controller.EmployeeControllerIntegrationTest" time="0.039">
    <system-out><![CDATA[Hibernate: 
    select
        e1_0.id,
        e1_0.created_at,
        e1_0.date_of_birth,
        e1_0.deleted_at,
        e1_0.deleted_by,
        e1_0.department,
        e1_0.email,
        e1_0.first_name,
        e1_0.hire_date,
        e1_0.job_title,
        e1_0.last_name,
        e1_0.phone,
        e1_0.salary,
        e1_0.status,
        e1_0.updated_at 
    from
        employees e1_0
Hibernate: 
    delete 
    from
        employees 
    where
        id=?
Hibernate: 
    insert 
    into
        employees
        (created_at, date_of_birth, deleted_at, deleted_by, department, email, first_name, hire_date, job_title, last_name, phone, salary, status, updated_at, id) 
    values
        (?, ?, ?, ?, ?, ?, ?, ?, ?, ?, ?, ?, ?, ?, default)
Hibernate: 
    select
        e1_0.id,
        e1_0.created_at,
        e1_0.date_of_birth,
        e1_0.deleted_at,
        e1_0.deleted_by,
        e1_0.department,
        e1_0.email,
        e1_0.first_name,
        e1_0.hire_date,
        e1_0.job_title,
        e1_0.last_name,
        e1_0.phone,
        e1_0.salary,
        e1_0.status,
        e1_0.updated_at 
    from
        employees e1_0 
    where
        upper(e1_0.email)=upper(?)
Hibernate: 
    insert 
    into
        employees
        (created_at, date_of_birth, deleted_at, deleted_by, department, email, first_name, hire_date, job_title, last_name, phone, salary, status, updated_at, id) 
    values
        (?, ?, ?, ?, ?, ?, ?, ?, ?, ?, ?, ?, ?, ?, default)
Hibernate: 
    insert 
    into
        employee_audit
        (after_snapshot, audit_type, before_snapshot, description, employee_id, performed_at, performed_by, id) 
    values
        (?, ?, ?, ?, ?, ?, ?, default)
2025-09-09T09:42:13.716Z DEBUG 5726 --- [employee-management-demo] [           main] c.e.e.service.impl.AuditServiceImpl      : Audit record created: type=CREATE, employeeId=9, performedBy=system
]]></system-out>
  </testcase>
  <testcase name="testGetAllEmployees" classname="com.example.employeemanagement.controller.EmployeeControllerIntegrationTest" time="0.023">
    <system-out><![CDATA[Hibernate: 
    select
        e1_0.id,
        e1_0.created_at,
        e1_0.date_of_birth,
        e1_0.deleted_at,
        e1_0.deleted_by,
        e1_0.department,
        e1_0.email,
        e1_0.first_name,
        e1_0.hire_date,
        e1_0.job_title,
        e1_0.last_name,
        e1_0.phone,
        e1_0.salary,
        e1_0.status,
        e1_0.updated_at 
    from
        employees e1_0
Hibernate: 
    delete 
    from
        employees 
    where
        id=?
Hibernate: 
    delete 
    from
        employees 
    where
        id=?
Hibernate: 
    insert 
    into
        employees
        (created_at, date_of_birth, deleted_at, deleted_by, department, email, first_name, hire_date, job_title, last_name, phone, salary, status, updated_at, id) 
    values
        (?, ?, ?, ?, ?, ?, ?, ?, ?, ?, ?, ?, ?, ?, default)
Hibernate: 
    select
        e1_0.id,
        e1_0.created_at,
        e1_0.date_of_birth,
        e1_0.deleted_at,
        e1_0.deleted_by,
        e1_0.department,
        e1_0.email,
        e1_0.first_name,
        e1_0.hire_date,
        e1_0.job_title,
        e1_0.last_name,
        e1_0.phone,
        e1_0.salary,
        e1_0.status,
        e1_0.updated_at 
    from
        employees e1_0 
    where
        e1_0.deleted_at is null 
    offset
        ? rows 
    fetch
        first ? rows only
]]></system-out>
  </testcase>
  <testcase name="testCreateEmployeeValidationError" classname="com.example.employeemanagement.controller.EmployeeControllerIntegrationTest" time="0.029">
    <system-out><![CDATA[Hibernate: 
    select
        e1_0.id,
        e1_0.created_at,
        e1_0.date_of_birth,
        e1_0.deleted_at,
        e1_0.deleted_by,
        e1_0.department,
        e1_0.email,
        e1_0.first_name,
        e1_0.hire_date,
        e1_0.job_title,
        e1_0.last_name,
        e1_0.phone,
        e1_0.salary,
        e1_0.status,
        e1_0.updated_at 
    from
        employees e1_0
Hibernate: 
    delete 
    from
        employees 
    where
        id=?
Hibernate: 
    insert 
    into
        employees
        (created_at, date_of_birth, deleted_at, deleted_by, department, email, first_name, hire_date, job_title, last_name, phone, salary, status, updated_at, id) 
    values
        (?, ?, ?, ?, ?, ?, ?, ?, ?, ?, ?, ?, ?, ?, default)
]]></system-out>
  </testcase>
  <testcase name="testGetEmployeeByIdNotFound" classname="com.example.employeemanagement.controller.EmployeeControllerIntegrationTest" time="0.013">
    <system-out><![CDATA[Hibernate: 
    select
        e1_0.id,
        e1_0.created_at,
        e1_0.date_of_birth,
        e1_0.deleted_at,
        e1_0.deleted_by,
        e1_0.department,
        e1_0.email,
        e1_0.first_name,
        e1_0.hire_date,
        e1_0.job_title,
        e1_0.last_name,
        e1_0.phone,
        e1_0.salary,
        e1_0.status,
        e1_0.updated_at 
    from
        employees e1_0
Hibernate: 
    delete 
    from
        employees 
    where
        id=?
Hibernate: 
    insert 
    into
        employees
        (created_at, date_of_birth, deleted_at, deleted_by, department, email, first_name, hire_date, job_title, last_name, phone, salary, status, updated_at, id) 
    values
        (?, ?, ?, ?, ?, ?, ?, ?, ?, ?, ?, ?, ?, ?, default)
Hibernate: 
    select
        e1_0.id,
        e1_0.created_at,
        e1_0.date_of_birth,
        e1_0.deleted_at,
        e1_0.deleted_by,
        e1_0.department,
        e1_0.email,
        e1_0.first_name,
        e1_0.hire_date,
        e1_0.job_title,
        e1_0.last_name,
        e1_0.phone,
        e1_0.salary,
        e1_0.status,
        e1_0.updated_at 
    from
        employees e1_0 
    where
        e1_0.id=?
]]></system-out>
  </testcase>
  <testcase name="testGetAllEmployeesExcludesDeletedByDefault" classname="com.example.employeemanagement.controller.EmployeeControllerIntegrationTest" time="0.023">
    <system-out><![CDATA[Hibernate: 
    select
        e1_0.id,
        e1_0.created_at,
        e1_0.date_of_birth,
        e1_0.deleted_at,
        e1_0.deleted_by,
        e1_0.department,
        e1_0.email,
        e1_0.first_name,
        e1_0.hire_date,
        e1_0.job_title,
        e1_0.last_name,
        e1_0.phone,
        e1_0.salary,
        e1_0.status,
        e1_0.updated_at 
    from
        employees e1_0
Hibernate: 
    delete 
    from
        employees 
    where
        id=?
Hibernate: 
    insert 
    into
        employees
        (created_at, date_of_birth, deleted_at, deleted_by, department, email, first_name, hire_date, job_title, last_name, phone, salary, status, updated_at, id) 
    values
        (?, ?, ?, ?, ?, ?, ?, ?, ?, ?, ?, ?, ?, ?, default)
Hibernate: 
    select
        e1_0.id,
        e1_0.created_at,
        e1_0.date_of_birth,
        e1_0.deleted_at,
        e1_0.deleted_by,
        e1_0.department,
        e1_0.email,
        e1_0.first_name,
        e1_0.hire_date,
        e1_0.job_title,
        e1_0.last_name,
        e1_0.phone,
        e1_0.salary,
        e1_0.status,
        e1_0.updated_at 
    from
        employees e1_0 
    where
        e1_0.id=?
Hibernate: 
    insert 
    into
        employee_audit
        (after_snapshot, audit_type, before_snapshot, description, employee_id, performed_at, performed_by, id) 
    values
        (?, ?, ?, ?, ?, ?, ?, default)
2025-09-09T09:42:13.807Z DEBUG 5726 --- [employee-management-demo] [           main] c.e.e.service.impl.AuditServiceImpl      : Audit record created: type=DELETE, employeeId=13, performedBy=system
Hibernate: 
    update
        employees 
    set
        created_at=?,
        date_of_birth=?,
        deleted_at=?,
        deleted_by=?,
        department=?,
        email=?,
        first_name=?,
        hire_date=?,
        job_title=?,
        last_name=?,
        phone=?,
        salary=?,
        status=?,
        updated_at=? 
    where
        id=?
Hibernate: 
    select
        e1_0.id,
        e1_0.created_at,
        e1_0.date_of_birth,
        e1_0.deleted_at,
        e1_0.deleted_by,
        e1_0.department,
        e1_0.email,
        e1_0.first_name,
        e1_0.hire_date,
        e1_0.job_title,
        e1_0.last_name,
        e1_0.phone,
        e1_0.salary,
        e1_0.status,
        e1_0.updated_at 
    from
        employees e1_0 
    where
        e1_0.deleted_at is null 
    offset
        ? rows 
    fetch
        first ? rows only
]]></system-out>
  </testcase>
</testsuite>