<?xml version="1.0" encoding="UTF-8"?>
<testsuite xmlns:xsi="http://www.w3.org/2001/XMLSchema-instance" xsi:noNamespaceSchemaLocation="https://maven.apache.org/surefire/maven-surefire-plugin/xsd/surefire-test-report-3.0.xsd" version="3.0" name="com.example.employeemanagement.repository.EmployeeRepositoryTest" time="3.91" tests="4" errors="0" skipped="0" failures="0">
  <properties>
[...]
</properties>
  <testcase name="testFindByStatus" classname="com.example.employeemanagement.repository.EmployeeRepositoryTest" time="0.666">
    <system-out><![CDATA[09:34:30.098 [main] INFO org.springframework.test.context.support.AnnotationConfigContextLoaderUtils -- Could not detect default configuration classes for test class [com.example.employeemanagement.repository.EmployeeRepositoryTest]: EmployeeRepositoryTest does not declare any static, non-private, non-final, nested classes annotated with @Configuration.
09:34:30.217 [main] INFO org.springframework.boot.test.context.SpringBootTestContextBootstrapper -- Found @SpringBootConfiguration com.example.employeemanagement.EmployeeManagementApplication for test class com.example.employeemanagement.repository.EmployeeRepositoryTest

  .   ____          _            __ _ _
 /\\ / ___'_ __ _ _(_)_ __  __ _ \ \ \ \
( ( )\___ | '_ | '_| | '_ \/ _` | \ \ \ \
 \\/  ___)| |_)| | | | | || (_| |  ) ) ) )
  '  |____| .__|_| |_|_| |_\__, | / / / /
 =========|_|==============|___/=/_/_/_/
 :: Spring Boot ::                (v3.2.0)

2025-09-09T09:34:30.560Z  INFO 4400 --- [employee-management-demo] [           main] c.e.e.repository.EmployeeRepositoryTest  : Starting EmployeeRepositoryTest using Java 17.0.16 with PID 4400 (started by runner in /home/runner/work/employee-management-demo/employee-management-demo)
2025-09-09T09:34:30.561Z DEBUG 4400 --- [employee-management-demo] [           main] c.e.e.repository.EmployeeRepositoryTest  : Running with Spring Boot v3.2.0, Spring v6.1.1
2025-09-09T09:34:30.562Z  INFO 4400 --- [employee-management-demo] [           main] c.e.e.repository.EmployeeRepositoryTest  : No active profile set, falling back to 1 default profile: "default"
2025-09-09T09:34:31.017Z  INFO 4400 --- [employee-management-demo] [           main] .s.d.r.c.RepositoryConfigurationDelegate : Bootstrapping Spring Data JPA repositories in DEFAULT mode.
2025-09-09T09:34:31.082Z  INFO 4400 --- [employee-management-demo] [           main] .s.d.r.c.RepositoryConfigurationDelegate : Finished Spring Data repository scanning in 58 ms. Found 2 JPA repository interfaces.
2025-09-09T09:34:31.147Z  INFO 4400 --- [employee-management-demo] [           main] beddedDataSourceBeanFactoryPostProcessor : Replacing 'dataSource' DataSource bean with embedded version
2025-09-09T09:34:31.354Z  INFO 4400 --- [employee-management-demo] [           main] o.s.j.d.e.EmbeddedDatabaseFactory        : Starting embedded database: url='jdbc:h2:mem:984edc75-01fe-4768-8828-3400b6e5b169;DB_CLOSE_DELAY=-1;DB_CLOSE_ON_EXIT=false', username='sa'
2025-09-09T09:34:31.542Z  INFO 4400 --- [employee-management-demo] [           main] o.f.c.internal.license.VersionPrinter    : Flyway Community Edition 9.22.3 by Redgate
2025-09-09T09:34:31.542Z  INFO 4400 --- [employee-management-demo] [           main] o.f.c.internal.license.VersionPrinter    : See release notes here: https://rd.gt/416ObMi
2025-09-09T09:34:31.542Z  INFO 4400 --- [employee-management-demo] [           main] o.f.c.internal.license.VersionPrinter    : 
2025-09-09T09:34:31.577Z  INFO 4400 --- [employee-management-demo] [           main] org.flywaydb.core.FlywayExecutor         : Database: jdbc:h2:mem:984edc75-01fe-4768-8828-3400b6e5b169 (H2 2.2)
2025-09-09T09:34:31.589Z  WARN 4400 --- [employee-management-demo] [           main] o.f.c.internal.database.base.Database    : Flyway upgrade recommended: H2 2.2.224 is newer than this version of Flyway and support has not been tested. The latest supported version of H2 is 2.2.220.
2025-09-09T09:34:31.615Z  INFO 4400 --- [employee-management-demo] [           main] o.f.c.i.s.JdbcTableSchemaHistory         : Schema history table "PUBLIC"."flyway_schema_history" does not exist yet
2025-09-09T09:34:31.618Z  INFO 4400 --- [employee-management-demo] [           main] o.f.core.internal.command.DbValidate     : Successfully validated 2 migrations (execution time 00:00.019s)
2025-09-09T09:34:31.623Z  INFO 4400 --- [employee-management-demo] [           main] o.f.c.i.s.JdbcTableSchemaHistory         : Creating Schema History table "PUBLIC"."flyway_schema_history" ...
2025-09-09T09:34:31.648Z  INFO 4400 --- [employee-management-demo] [           main] o.f.core.internal.command.DbMigrate      : Current version of schema "PUBLIC": << Empty Schema >>
2025-09-09T09:34:31.655Z  INFO 4400 --- [employee-management-demo] [           main] o.f.core.internal.command.DbMigrate      : Migrating schema "PUBLIC" to version "1 - create employee table"
2025-09-09T09:34:31.674Z  INFO 4400 --- [employee-management-demo] [           main] o.f.core.internal.command.DbMigrate      : Migrating schema "PUBLIC" to version "2 - add soft delete and audit"
2025-09-09T09:34:31.697Z  INFO 4400 --- [employee-management-demo] [           main] o.f.core.internal.command.DbMigrate      : Successfully applied 2 migrations to schema "PUBLIC", now at version v2 (execution time 00:00.028s)
2025-09-09T09:34:31.781Z  INFO 4400 --- [employee-management-demo] [           main] o.hibernate.jpa.internal.util.LogHelper  : HHH000204: Processing PersistenceUnitInfo [name: default]
2025-09-09T09:34:31.831Z  INFO 4400 --- [employee-management-demo] [           main] org.hibernate.Version                    : HHH000412: Hibernate ORM core version 6.3.1.Final
2025-09-09T09:34:31.863Z  INFO 4400 --- [employee-management-demo] [           main] o.h.c.internal.RegionFactoryInitiator    : HHH000026: Second-level cache disabled
2025-09-09T09:34:32.060Z  INFO 4400 --- [employee-management-demo] [           main] o.s.o.j.p.SpringPersistenceUnitInfo      : No LoadTimeWeaver setup: ignoring JPA class transformer
2025-09-09T09:34:32.763Z  INFO 4400 --- [employee-management-demo] [           main] o.h.e.t.j.p.i.JtaPlatformInitiator       : HHH000489: No JTA platform available (set 'hibernate.transaction.jta.platform' to enable JTA platform integration)
2025-09-09T09:34:32.778Z  INFO 4400 --- [employee-management-demo] [           main] j.LocalContainerEntityManagerFactoryBean : Initialized JPA EntityManagerFactory for persistence unit 'default'
2025-09-09T09:34:33.131Z  INFO 4400 --- [employee-management-demo] [           main] c.e.e.repository.EmployeeRepositoryTest  : Started EmployeeRepositoryTest in 2.861 seconds (process running for 3.66)
Hibernate: 
    select
        e1_0.id,
        e1_0.created_at,
        e1_0.date_of_birth,
        e1_0.deleted_at,
        e1_0.deleted_by,
        e1_0.department,
        e1_0.email,
        e1_0.first_name,
        e1_0.hire_date,
        e1_0.job_title,
        e1_0.last_name,
        e1_0.phone,
        e1_0.salary,
        e1_0.status,
        e1_0.updated_at 
    from
        employees e1_0
Hibernate: 
    insert 
    into
        employees
        (created_at, date_of_birth, deleted_at, deleted_by, department, email, first_name, hire_date, job_title, last_name, phone, salary, status, updated_at, id) 
    values
        (?, ?, ?, ?, ?, ?, ?, ?, ?, ?, ?, ?, ?, ?, default)
Hibernate: 
    insert 
    into
        employees
        (created_at, date_of_birth, deleted_at, deleted_by, department, email, first_name, hire_date, job_title, last_name, phone, salary, status, updated_at, id) 
    values
        (?, ?, ?, ?, ?, ?, ?, ?, ?, ?, ?, ?, ?, ?, default)
Hibernate: 
    select
        e1_0.id,
        e1_0.created_at,
        e1_0.date_of_birth,
        e1_0.deleted_at,
        e1_0.deleted_by,
        e1_0.department,
        e1_0.email,
        e1_0.first_name,
        e1_0.hire_date,
        e1_0.job_title,
        e1_0.last_name,
        e1_0.phone,
        e1_0.salary,
        e1_0.status,
        e1_0.updated_at 
    from
        employees e1_0 
    where
        e1_0.status=?
Hibernate: 
    select
        e1_0.id,
        e1_0.created_at,
        e1_0.date_of_birth,
        e1_0.deleted_at,
        e1_0.deleted_by,
        e1_0.department,
        e1_0.email,
        e1_0.first_name,
        e1_0.hire_date,
        e1_0.job_title,
        e1_0.last_name,
        e1_0.phone,
        e1_0.salary,
        e1_0.status,
        e1_0.updated_at 
    from
        employees e1_0 
    where
        e1_0.status=?
]]></system-out>
  </testcase>
  <testcase name="testFindByFirstNameContainingIgnoreCaseOrLastNameContainingIgnoreCase" classname="com.example.employeemanagement.repository.EmployeeRepositoryTest" time="0.023">
    <system-out><![CDATA[Hibernate: 
    select
        e1_0.id,
        e1_0.created_at,
        e1_0.date_of_birth,
        e1_0.deleted_at,
        e1_0.deleted_by,
        e1_0.department,
        e1_0.email,
        e1_0.first_name,
        e1_0.hire_date,
        e1_0.job_title,
        e1_0.last_name,
        e1_0.phone,
        e1_0.salary,
        e1_0.status,
        e1_0.updated_at 
    from
        employees e1_0
Hibernate: 
    insert 
    into
        employees
        (created_at, date_of_birth, deleted_at, deleted_by, department, email, first_name, hire_date, job_title, last_name, phone, salary, status, updated_at, id) 
    values
        (?, ?, ?, ?, ?, ?, ?, ?, ?, ?, ?, ?, ?, ?, default)
Hibernate: 
    insert 
    into
        employees
        (created_at, date_of_birth, deleted_at, deleted_by, department, email, first_name, hire_date, job_title, last_name, phone, salary, status, updated_at, id) 
    values
        (?, ?, ?, ?, ?, ?, ?, ?, ?, ?, ?, ?, ?, ?, default)
Hibernate: 
    select
        e1_0.id,
        e1_0.created_at,
        e1_0.date_of_birth,
        e1_0.deleted_at,
        e1_0.deleted_by,
        e1_0.department,
        e1_0.email,
        e1_0.first_name,
        e1_0.hire_date,
        e1_0.job_title,
        e1_0.last_name,
        e1_0.phone,
        e1_0.salary,
        e1_0.status,
        e1_0.updated_at 
    from
        employees e1_0 
    where
        upper(e1_0.first_name) like upper(?) escape '\' 
        or upper(e1_0.last_name) like upper(?) escape '\'
]]></system-out>
  </testcase>
  <testcase name="testFindByEmailIgnoreCase" classname="com.example.employeemanagement.repository.EmployeeRepositoryTest" time="0.016">
    <system-out><![CDATA[Hibernate: 
    select
        e1_0.id,
        e1_0.created_at,
        e1_0.date_of_birth,
        e1_0.deleted_at,
        e1_0.deleted_by,
        e1_0.department,
        e1_0.email,
        e1_0.first_name,
        e1_0.hire_date,
        e1_0.job_title,
        e1_0.last_name,
        e1_0.phone,
        e1_0.salary,
        e1_0.status,
        e1_0.updated_at 
    from
        employees e1_0
Hibernate: 
    insert 
    into
        employees
        (created_at, date_of_birth, deleted_at, deleted_by, department, email, first_name, hire_date, job_title, last_name, phone, salary, status, updated_at, id) 
    values
        (?, ?, ?, ?, ?, ?, ?, ?, ?, ?, ?, ?, ?, ?, default)
Hibernate: 
    insert 
    into
        employees
        (created_at, date_of_birth, deleted_at, deleted_by, department, email, first_name, hire_date, job_title, last_name, phone, salary, status, updated_at, id) 
    values
        (?, ?, ?, ?, ?, ?, ?, ?, ?, ?, ?, ?, ?, ?, default)
Hibernate: 
    select
        e1_0.id,
        e1_0.created_at,
        e1_0.date_of_birth,
        e1_0.deleted_at,
        e1_0.deleted_by,
        e1_0.department,
        e1_0.email,
        e1_0.first_name,
        e1_0.hire_date,
        e1_0.job_title,
        e1_0.last_name,
        e1_0.phone,
        e1_0.salary,
        e1_0.status,
        e1_0.updated_at 
    from
        employees e1_0 
    where
        upper(e1_0.email)=upper(?)
]]></system-out>
  </testcase>
  <testcase name="testFindByDepartmentIgnoreCase" classname="com.example.employeemanagement.repository.EmployeeRepositoryTest" time="0.016">
    <system-out><![CDATA[Hibernate: 
    select
        e1_0.id,
        e1_0.created_at,
        e1_0.date_of_birth,
        e1_0.deleted_at,
        e1_0.deleted_by,
        e1_0.department,
        e1_0.email,
        e1_0.first_name,
        e1_0.hire_date,
        e1_0.job_title,
        e1_0.last_name,
        e1_0.phone,
        e1_0.salary,
        e1_0.status,
        e1_0.updated_at 
    from
        employees e1_0
Hibernate: 
    insert 
    into
        employees
        (created_at, date_of_birth, deleted_at, deleted_by, department, email, first_name, hire_date, job_title, last_name, phone, salary, status, updated_at, id) 
    values
        (?, ?, ?, ?, ?, ?, ?, ?, ?, ?, ?, ?, ?, ?, default)
Hibernate: 
    insert 
    into
        employees
        (created_at, date_of_birth, deleted_at, deleted_by, department, email, first_name, hire_date, job_title, last_name, phone, salary, status, updated_at, id) 
    values
        (?, ?, ?, ?, ?, ?, ?, ?, ?, ?, ?, ?, ?, ?, default)
Hibernate: 
    select
        e1_0.id,
        e1_0.created_at,
        e1_0.date_of_birth,
        e1_0.deleted_at,
        e1_0.deleted_by,
        e1_0.department,
        e1_0.email,
        e1_0.first_name,
        e1_0.hire_date,
        e1_0.job_title,
        e1_0.last_name,
        e1_0.phone,
        e1_0.salary,
        e1_0.status,
        e1_0.updated_at 
    from
        employees e1_0 
    where
        upper(e1_0.department)=upper(?)
Hibernate: 
    select
        e1_0.id,
        e1_0.created_at,
        e1_0.date_of_birth,
        e1_0.deleted_at,
        e1_0.deleted_by,
        e1_0.department,
        e1_0.email,
        e1_0.first_name,
        e1_0.hire_date,
        e1_0.job_title,
        e1_0.last_name,
        e1_0.phone,
        e1_0.salary,
        e1_0.status,
        e1_0.updated_at 
    from
        employees e1_0 
    where
        upper(e1_0.department)=upper(?)
]]></system-out>
  </testcase>
</testsuite>